[2023-05-24T04:49:40.266Z][QUERY]: SELECT * FROM current_schema()
[2023-05-24T04:50:24.021Z][QUERY]: SELECT * FROM current_schema()
[2023-05-24T04:50:24.032Z][QUERY]: SELECT version();
[2023-05-24T04:50:24.036Z][QUERY]: SELECT * FROM current_schema()
[2023-05-24T04:50:24.038Z][QUERY]: SELECT * FROM current_database()
[2023-05-24T04:50:24.039Z][QUERY]: SELECT "table_schema", "table_name" FROM "information_schema"."tables" WHERE ("table_schema" = 'public' AND "table_name" = 'entity_model') OR ("table_schema" = 'public' AND "table_name" = 'user_model')
[2023-05-24T04:50:24.046Z][QUERY]: SELECT * FROM "information_schema"."tables" WHERE "table_schema" = 'public' AND "table_name" = 'typeorm_metadata'
[2023-05-24T04:50:24.051Z][QUERY]: SELECT "n"."nspname", "t"."typname" FROM "pg_type" "t" INNER JOIN "pg_namespace" "n" ON "n"."oid" = "t"."typnamespace" WHERE "n"."nspname" = 'public' AND "t"."typname" = 'user_model_type_enum'
[2023-05-24T04:51:25.003Z][QUERY]: SELECT * FROM current_schema()
[2023-05-24T04:51:25.151Z][QUERY]: SELECT version();
[2023-05-24T04:51:25.155Z][QUERY]: SELECT * FROM "information_schema"."tables" WHERE "table_schema" = 'public' AND "table_name" = 'migrations'
[2023-05-24T04:51:25.160Z][QUERY]: CREATE TABLE "migrations" ("id" SERIAL NOT NULL, "timestamp" bigint NOT NULL, "name" character varying NOT NULL, CONSTRAINT "PK_8c82d7f526340ab734260ea46be" PRIMARY KEY ("id"))
[2023-05-24T04:51:25.177Z][QUERY]: SELECT * FROM "migrations" "migrations" ORDER BY "id" DESC
[2023-05-24T04:51:25.180Z]0 migrations are already loaded in the database.
[2023-05-24T04:51:25.180Z]1 migrations were found in the source code.
[2023-05-24T04:51:25.181Z]1 migrations are new migrations must be executed.
[2023-05-24T04:51:25.181Z][QUERY]: START TRANSACTION
[2023-05-24T04:51:25.183Z][QUERY]: CREATE TABLE "entity_model" ("id" character varying NOT NULL, CONSTRAINT "PK_ea7e5d0ca6a0d6221f78cea499a" PRIMARY KEY ("id"))
[2023-05-24T04:51:25.193Z][QUERY]: CREATE TYPE "public"."user_model_type_enum" AS ENUM('0', '1', '2', '3')
[2023-05-24T04:51:25.195Z][QUERY]: CREATE TABLE "user_model" ("id" character varying NOT NULL, "username" character varying NOT NULL, "nickname" text NOT NULL, "type" "public"."user_model_type_enum" NOT NULL, CONSTRAINT "UQ_180abb555e21d4825693f11b94d" UNIQUE ("username"), CONSTRAINT "PK_7d6bfa71f4d6a1fa0af1f688327" PRIMARY KEY ("id"))
[2023-05-24T04:51:25.211Z][QUERY]: INSERT INTO "migrations"("timestamp", "name") VALUES ($1, $2) -- PARAMETERS: [1684903821216,"Init1684903821216"]
[2023-05-24T04:51:25.214Z]Migration Init1684903821216 has been  executed successfully.
[2023-05-24T04:51:25.214Z][QUERY]: COMMIT
[2023-05-24T04:52:12.551Z][QUERY]: SELECT * FROM current_schema()
[2023-05-24T04:52:12.698Z][QUERY]: SELECT version();
[2023-05-24T04:52:12.702Z][QUERY]: SELECT * FROM "information_schema"."tables" WHERE "table_schema" = 'public' AND "table_name" = 'migrations'
[2023-05-24T04:52:12.708Z][QUERY]: SELECT * FROM "migrations" "migrations" ORDER BY "id" DESC
[2023-05-24T04:52:12.711Z]No migrations are pending
